Arguments: 
  C:\Program Files\nodejs\node.exe C:\Users\lnikolov3\AppData\Roaming\npm\node_modules\yarn\bin\yarn.js build

PATH: 
  C:\Program Files (x86)\Intel\Intel(R) Management Engine Components\iCLS\;C:\Program Files\Intel\Intel(R) Management Engine Components\iCLS\;C:\windows\system32;C:\windows;C:\windows\System32\Wbem;C:\windows\System32\WindowsPowerShell\v1.0\;C:\Program Files (x86)\Symantec\VIP Access Client\;C:\Program Files (x86)\Intel\Intel(R) Management Engine Components\DAL;C:\Program Files\Intel\Intel(R) Management Engine Components\DAL;C:\Program Files\nodejs\;C:\Program Files\Git\cmd;C:\Program Files\Java\jdk-11.0.3\bin;C:\Program Files\Java\jdk1.8.0_211\bin;C:\Users\lnikolov3\AppData\Local\Microsoft\WindowsApps;C:\Users\lnikolov3\AppData\Roaming\npm;C:\Users\lnikolov3\AppData\Local\Programs\Microsoft VS Code\bin;C:\Program Files\JetBrains\IntelliJ IDEA 2019.1.3\bin;;C:\Users\lnikolov3\AppData\Local\Programs\Fiddler

Yarn version: 
  1.17.3

Node version: 
  10.16.0

Platform: 
  win32 x64

Trace: 
  SyntaxError: C:\Users\lnikolov3\Documents\dxc.academy\book-catalog-react\package.json: Unexpected token “ in JSON at position 367
      at JSON.parse (<anonymous>)
      at C:\Users\lnikolov3\AppData\Roaming\npm\node_modules\yarn\lib\cli.js:1625:59
      at Generator.next (<anonymous>)
      at step (C:\Users\lnikolov3\AppData\Roaming\npm\node_modules\yarn\lib\cli.js:304:30)
      at C:\Users\lnikolov3\AppData\Roaming\npm\node_modules\yarn\lib\cli.js:315:13

npm manifest: 
  {
    "name": "my-react-app",
    "version": "0.1.0",
    "private": true,
    "dependencies": {
      "react": "^16.9.0",
      "react-dom": "^16.9.0",
      "react-router-dom": "^5.0.1",
      "react-scripts": "3.1.1"
    },
    "scripts": {
      "start": "react-scripts start",
      "build": "react-scripts build",
      "test": "react-scripts test",
      "eject": "react-scripts eject",
  	“deploy”: “gh-pages -d build”
    },
    "eslintConfig": {
      "extends": "react-app"
    },
    "browserslist": {
      "production": [
        ">0.2%",
        "not dead",
        "not op_mini all"
      ],
      "development": [
        "last 1 chrome version",
        "last 1 firefox version",
        "last 1 safari version"
      ]
    },
    “homepage” : “https://yourgithubname.github.io/yourreponame"
  }

yarn manifest: 
  No manifest

Lockfile: 
  No lockfile
